           _________________________________________________________
          |                                                         |
          |       _/_/_/_/                                          |
          |      _/      _/                  _/_/_/_/_/_/           |
          |     _/      _/  _/      _/   _/      _/      _/_/_/_/_/ |
          |    _/_/_/_/    _/      _/   _/      _/      _/          |
          |   _/          _/_/_/_/_/   _/      _/       _/_/_/_/    |
          |  _/          _/      _/   _/      _/              _/    |
          | _/          _/      _/   _/      _/      _/_/_/_/_/     |
          |                                                         |
          |                                                         |
          |       Particle and Heavy Ion Transport code System      |
          |                      Version =  3.340                   |
          |                       developed by                      |
          |                                                         |
          |  Tatsuhiko SATO, Yosuke IWAMOTO, Shintaro HASHIMOTO,    |
          |    Tatsuhiko OGAWA, Takuya FURUTA, Shinichiro ABE,      |
          |    Takeshi KAI, Norihiro MATSUDA, Yusuke MATSUYA,       |
          |      Yuho HIRATA, Takuya SEKIKAWA, Pi-En TSAI,          |
          |                Hunter RATLIFF (JAEA),                   |
          |                                                         |
          |  Hiroshi IWASE, Yasuhito SAKAKI, Kenta SUGIHARA (KEK),  |
          |                                                         |
          |           Nobuhiro SHIGYO (Kyushu University),          |
          |                                                         |
          |      Lembit SIHVER (Technische Universitat Wien), and   |
          |                                                         |
          |                     Koji NIITA (RIST)                   |
          |                                                         |
          |                 Last Revised  2024-04-11                |
          |_________________________________________________________|

                            _ [ Job Title ] __ 
                           |                  |
                           |  phasan          |
                           |__________________|

                        Starting Date = 2024-11-20
                        Starting Time = 11h 50m 49

>>> Input Echo >>>=============================================================

[ Title ]
phasan

[ Parameters ]
 icntl    =           0     # (D=0) 3:ECH 5:NOR 6:SRC 7,8:GSH 11:DSH 12:DUMP
 maxcas   =       10000     # (D=10) number of particles per one batch
 maxbch   =       10000     # (D=10) number of batches
 negs     =          -1     # (D=-1) =-1:original, =0:No, =1:EGS, =2:EGS(HE)
 istdcut  =           0     # (D=0) stdcut for each tally  0: off, 1: on

[ Source ]
  totfact =   1.0000        # (D=1.0) global factor

 <Source> =   1.0000        # weight of this sub-source
   s-type =   2             # rectangular-solid source
     proj =  neutron        # kind of incident particle         
       x0 =  -13.500        # minimum position of x-axis [cm]
       x1 =   13.500        # maximum position of x-axis [cm]
       y0 =   25.210        # minimum position of y-axis [cm]
       y1 =   25.210        # maximum position of y-axis [cm]
       z0 =   0.0000        # minimum position of z-axis [cm]
       z1 =   60.000        # maximum position of z-axis [cm]
      dir =   all           # z-direction of beam [isotropic]
   e-type =   3             # Maxwellian generated by probability
      et0 =  2.58510E-08    # temperature of Maxwellian [MeV]
      et1 =  2.58510E-10    # minimum cutoff energy of Maxwellian [MeV]
      et2 =  2.58510E-06    # maximum cutoff energy of Maxwellian [MeV]
      et3 =  0.50000        # power index of Maxwellian
       nm = -200            # (D=-200) number of energy mesh
                            # nm>0: lin, nm<0: log mesh and interpolation
     trcl =      4          # transform ID

 <Source> =   1.0000        # weight of this sub-source
   s-type =   2             # rectangular-solid source
     proj =  neutron        # kind of incident particle         
       x0 =  -13.500        # minimum position of x-axis [cm]
       x1 =   13.500        # maximum position of x-axis [cm]
       y0 =   25.210        # minimum position of y-axis [cm]
       y1 =   25.210        # maximum position of y-axis [cm]
       z0 =   0.0000        # minimum position of z-axis [cm]
       z1 =   60.000        # maximum position of z-axis [cm]
      dir =   all           # z-direction of beam [isotropic]
   e-type =   3             # Maxwellian generated by probability
      et0 =  2.58510E-08    # temperature of Maxwellian [MeV]
      et1 =  2.58510E-10    # minimum cutoff energy of Maxwellian [MeV]
      et2 =  2.58510E-06    # maximum cutoff energy of Maxwellian [MeV]
      et3 =  0.50000        # power index of Maxwellian
       nm = -200            # (D=-200) number of energy mesh
                            # nm>0: lin, nm<0: log mesh and interpolation
     trcl =   0.0000000E+00  0.0000000E+00  0.0000000E+00
             -1.1519173E+00  0.0000000E+00  0.0000000E+00
              0.0000000E+00  0.0000000E+00  0.0000000E+00
              0.0000000E+00  0.0000000E+00  0.0000000E+00    2

[ Material ]
MAT[ 1 ] 
           Be         1.0000000E+00
mt1        be.20t  
MAT[ 2 ] 
         27Al         9.8700000E-01
           Mg         5.0000000E-03
           Si         8.0000000E-03
MAT[ 3 ] 
           1H         2.0000000E+00
          16O         1.0000000E+00
mt3      lwtr.20t  
MAT[ 4 ] 
          16O         2.0000000E-01
          14N         8.0000000E-01
MAT[ 5 ] 
            H         2.0000000E+00
mt5     hpara.20t  
MAT[ 6 ] 
           Al         1.0000000E+00
MAT[ 7 ] 
           1H         5.0000000E-01
mt7     hpara.20t hortho.20t  
MAT[ 8 ] 
            H         1.0000000E+00
mt8    hortho.20t  

[ Cell ]
 99         -1                 #51 #52 #53 #54 #55 #56 #57 #58 #59 #60
                              #61 #70 
 51          1 -1.8500000E+00  -1 2 -3 4 #54 #55 #57 #58 #59 #60 #61 #70 
 52          1 -1.8500000E+00  -5 1 #54 #55 #57 #58 #59 #60 #61 #70 
 53          1 -1.8500000E+00  -6 1 #52 #54 #55 #57 #58 #59 #60 #61 #70 
 54          0                 -7 #61 #70 
 55          4 -1.1640000E-03  -8 
 56          3 -1.0000000E+00  -12 1 2 -3 #52 #53 #54 #55 #57 #58 #59
                              #60 #61 #70 
 57          2 -2.7000000E+00  7 -10 #70 
 58          2 -2.7000000E+00  8 -11 
 60          2 -2.7000000E+00  -16 14 -17 #59  trcl=2 
 59          4 -1.1640000E-03  -13 14 -15  trcl=1 
 61          0                 23 -24 21 -22 25 -26  fill=1 trcl=3 
 62          0                 -46 45  lat=1  u=1  fill=0:0 0:0 0:0
 63          0                 -36 35 -32 31  lat=1  u=2  fill=0:0 0:0
                              0:0
 64          4 -1.1640000E-03  -24 21 -22 25 -26  u=3 
 65          5 -7.0000000E-02  -20  u=4 
 66          6 -2.7000000E+00  20  u=4 
 70         -1                 -30  trcl=3 

[ Surface ]
 100           so    1.0000000E+05
 1             cz    5.0000000E+01
 2             pz    0.0000000E+00
 3             pz    6.0000000E+01
 4           4 rhp   0.0000000E+00  0.0000000E+00  0.0000000E+00
                     0.0000000E+00  0.0000000E+00  6.0000000E+01
                     0.0000000E+00  2.5200000E+01  0.0000000E+00
                     2.1823840E+01  1.2600000E+01  0.0000000E+00
                     2.1823840E+01 -1.2600000E+01  0.0000000E+00

 5           4 box   6.2500000E+01  0.0000000E+00  0.0000000E+00
                    -4.0974302E+01 -4.3065727E+00  0.0000000E+00
                    -6.2717078E+00  5.9682169E+01  0.0000000E+00
                     0.0000000E+00  0.0000000E+00  6.0000000E+01
 6           4 box  -3.0300000E+01  6.0300000E+01  0.0000000E+00
                    -2.8118157E+00 -2.6752639E+01  0.0000000E+00
                     8.4832718E+01 -8.9162779E+00  0.0000000E+00
                     0.0000000E+00  0.0000000E+00  6.0000000E+01
 7           4 rcc   3.4729153E+01  2.7823298E+01  3.0000000E+01
                    -2.1428335E+01  2.0387699E+02  0.0000000E+00
                     1.0250000E+01
 8           4 rcc  -1.5683507E+00  4.2771255E+01  3.0000000E+01
                    -1.0939741E+02  1.1498131E+01  0.0000000E+00
                     4.9000000E+00
 9             cz    5.1300000E+01
 10          4 rcc   3.4865040E+01  2.6530420E+01  3.0000000E+01
                    -2.1700109E+01  2.0646275E+02  0.0000000E+00
                     1.1550000E+01
 11          4 rcc  -2.7547227E-01  4.2635368E+01  3.0000000E+01
                    -1.1198317E+02  1.1769905E+01  0.0000000E+00
                     6.2000000E+00
 16            cx    6.3000000E+00
 17            px    8.2600000E+01
 12            cz    1.1370000E+02
 13            cx    5.0000000E+00
 14            px    0.0000000E+00
 15            px    8.0000000E+01
 23            px    0.0000000E+00
 24            px    1.0000000E+01
 21            py    0.0000000E+00
 22            py    5.0000000E+00
 25            pz    0.0000000E+00
 26            pz    1.0000000E+01
 31            py    0.0000000E+00
 32            py    5.0000000E+00
 35            pz    0.0000000E+00
 36            pz    1.0000000E+01
 45            pz    0.0000000E+00
 46            pz    1.0000000E+01
 20            box   0.0000000E+00  0.0000000E+00  0.0000000E+00
                     1.0000000E+01  0.0000000E+00  0.0000000E+00
                     0.0000000E+00  5.0000000E+00  0.0000000E+00
                     0.0000000E+00  0.0000000E+00  1.0000000E+01
 30            box   0.0000000E+00 -5.0000000E-01  0.0000000E+00
                     0.0000000E+00  5.0000000E-01  0.0000000E+00
                     1.0000000E+01  0.0000000E+00  0.0000000E+00
                     0.0000000E+00  0.0000000E+00  1.0000000E+01

[ Transform ]
tr1            3.8400000E+01  7.0000000E+00  3.0000000E+01
               6.9813170E-02  0.0000000E+00  0.0000000E+00
               0.0000000E+00  0.0000000E+00  0.0000000E+00
               0.0000000E+00  0.0000000E+00  0.0000000E+00    2
tr2            3.7119750E+01  6.7742574E+00  3.0000000E+01
               6.9813170E-02  0.0000000E+00  0.0000000E+00
               0.0000000E+00  0.0000000E+00  0.0000000E+00
               0.0000000E+00  0.0000000E+00  0.0000000E+00    2
tr3            3.2447230E+01  2.4540694E+01  2.5000000E+01
               0.0000000E+00  0.0000000E+00  0.0000000E+00
               0.0000000E+00  0.0000000E+00  0.0000000E+00
               0.0000000E+00  0.0000000E+00  0.0000000E+00    2
tr4            0.0000000E+00  0.0000000E+00  0.0000000E+00
              -1.0471976E-01  0.0000000E+00  0.0000000E+00
               0.0000000E+00  0.0000000E+00  0.0000000E+00
               0.0000000E+00  0.0000000E+00  0.0000000E+00    2

$ The following transforms are defined in cell, lat, fill, source or tally
$ tr1000001    0.0000000E+00  0.0000000E+00  0.0000000E+00
$             -1.1519173E+00  0.0000000E+00  0.0000000E+00
$              0.0000000E+00  0.0000000E+00  0.0000000E+00
$              0.0000000E+00  0.0000000E+00  0.0000000E+00    2

[ Counter ]
  counter = 1
     part =  neutron  
# kf/name :  2112     
   reg     coll
     65       1 

[ Mat Name Color ]
   mat    name     size            color   # HSB color value
     0    void     1.00        lightgray   # { -0.800  1.000  1.000 }
     1      Be     1.00      yellowgreen   # {  0.700  1.000  1.000 }
     2    SzAV     1.00     orangeyellow   # {  0.867  1.000  1.000 }
     3     H2O     1.00       pastelblue   # {  0.250  0.400  1.000 }
     4     air     1.00        lightgray   # { -0.800  1.000  1.000 }
     5      pH     1.00       pastelcyan   # {  0.400  0.400  1.000 }
     6      Al     1.00     pastelviolet   # {  0.133  0.400  1.000 }
     7       7     1.00            green   # {  0.600  1.000  1.000 }
     8       8     1.00      pastelbrown   # {  0.900  0.600  0.500 }

[ T-Point ]
    title = flux at the end of chan
    point =    1            # number of point estimators
  non      x             y             z            r0
    1     37.44723      129.0407      30.00000     0.1000000    
   e-type =    2            # e-mesh is linear given by emin, emax and ne
     emin =   0.000000      # minimum value of e-mesh points
     emax =  2.5000000E-08  # maximum value of e-mesh points
#    edel =  2.5000000E-08  # mesh width of e-mesh points
       ne =      1          # number of e-mesh points
#    data = ( e(i), i = 1, ne + 1 )
#           0.00000E+00  2.50000E-08
     unit =    1            # unit is [1/cm^2/source]
     axis =  eng            # axis of output
     file = flux_at_the_end_of_chan.out  # file name of output for the above axis
     part =  neutron  
# kf/name :  2112     
   epsout =    1            # (D=0) generate eps file by ANGEL
 ctmin(1) =    1            # (D=-9999) min. of counter 1
 ctmax(1) = 9999            # (D= 9999) max. of counter 1
   stdcut = 0.1000000       # (D=-1) threshold value of STD cutoff
#    used :        main (  %)        temp (  %)       total (  %)
#  memory :           4 (  0)           0 (  0)           4 (  0)

[END] of Input Echo <<<========================================================

<<< Report of real Geometry memory >>>
*           GG/CG memory =        2
*     total memory: mdas = 80000000
*                percent =     0.00 %

<<< Report of material memory for high energy>>>
*   high energy material =        1
*     total memory: mdas = 80000000
*                percent =     0.00 %

<<< Report of material memory for low energy>>>
*    low energy material =     4841
*     total memory: mdas = 80000000
*                percent =     0.01 %

<<< Report of real tally memory >>>
*      real tally memory =        4
*     total memory: mdas = 80000000
*                percent =     0.00 %

<<< Report of temporary tally memory >>>
* temporary tally memory =     4846
*     total memory: mdas = 80000000
*                percent =     0.01 %

<<< Report of total memory >>>
*      used total memory =     4847
*     total memory: mdas = 80000000
*                percent =     0.01 %
*                ---------------------

-------------------------------------------------------------------------------
bat[       1] ncas =          10000.
 bitrseed = 0100001010011000001011101100011110011000110110100110010000000000
          cpu time =   1.627 s.

-------------------------------------------------------------------------------
bat[       2] ncas =          20000.
 bitrseed = 0111011010010100011001101100101001110100011011011011110011011010
          cpu time =   1.610 s.

-------------------------------------------------------------------------------
bat[       3] ncas =          30000.
 bitrseed = 0010001001111000000001011101010001000101000111011100011011111001
          cpu time =   1.624 s.

-------------------------------------------------------------------------------
bat[       4] ncas =          40000.
 bitrseed = 1100111110010100110001011111101110101011011100111100011110011001
          cpu time =   1.606 s.

-------------------------------------------------------------------------------
bat[       5] ncas =          50000.
 bitrseed = 0100101001011011001000100100001001111001110011010001000110110101
          cpu time =   1.677 s.

-------------------------------------------------------------------------------
bat[       6] ncas =          60000.
 bitrseed = 1101100100010001111111011010111010000011100111001110011111110001
          cpu time =   1.573 s.

-------------------------------------------------------------------------------
bat[       7] ncas =          70000.
 bitrseed = 0110100110000100100100010011101000001011001010111110101011011100
          cpu time =   1.690 s.

-------------------------------------------------------------------------------
bat[       8] ncas =          80000.
 bitrseed = 0110010110111011001011101101110000000011011101101111010000000011
          cpu time =   1.550 s.

-------------------------------------------------------------------------------
bat[       9] ncas =          90000.
 bitrseed = 0010001000101001010101000110010101101010010000110000001101100101
          cpu time =   1.647 s.

-------------------------------------------------------------------------------
bat[      10] ncas =         100000.
 bitrseed = 1100110001000110001011111100001001111101000001100101110111110010
          cpu time =   1.573 s.

-------------------------------------------------------------------------------
bat[      11] ncas =         110000.
 bitrseed = 0001110011011001101111011000110011100000010010101010010011101100
          cpu time =   1.669 s.

===============================================================================

 Summary for the end of job

-------------------------------------------------------------------------------
 number of analyz call vs ncol
-------------------------------------------------------------------------------
     ncol          number
        1              1.   : start of calculation            
        2              1.   : end of calculation              
        3             11.   : end of a batch                  
        4         110000.   : source                          
        5              0.   : detection of geometry error/warn
        6              0.   : recovery from geometry warning  
        7              0.   : termination by geometry error   
        8              0.   : termination by weight cut-off   
        9              0.   : termination by time cut-off     
       10         116283.   : geometry boundary crossing      
       11              0.   : termination by energy cut-off   
       12         114107.   : termination by escape or leakage
       13        2624444.   : reaction : (n,x) type           
       14              0.   : reaction : (n,n'x) type         
       15              0.   : sequential transport for tally  

-------------------------------------------------------------------------------
 List of transport particles (not including source)
-------------------------------------------------------------------------------
     Name      kf-code        mass       charge   baryon
     photon         22          0.0         0       0

-------------------------------------------------------------------------------
 prod. particles       number        weight        weight per source
-------------------------------------------------------------------------------
     photon             9804.     5.9236997E+03     5.3851815E-02

-------------------------------------------------------------------------------
 stop. particles.    number        weight        weight per source
-------------------------------------------------------------------------------
     electron             28.     1.5043922E+01     1.3676293E-04

-------------------------------------------------------------------------------
 leak. particles       number        weight        weight per source
-------------------------------------------------------------------------------
     neutron          108399.     1.0615355E+05     9.6503225E-01
     photon             5708.     3.5973352E+03     3.2703047E-02

-------------------------------------------------------------------------------
 source: maxcas    maxbch      irskip   average weight          total source
-------------------------------------------------------------------------------
       10000       10000           0    1.0000000E+00    1.1000000000000E+05

-------------------------------------------------------------------------------
 Geometry error summary
-------------------------------------------------------------------------------
 Number of lost particles     =     0 / nlost =       10
 Number of geometry recovering =     0
 Number of unrecovered errors =     0

-------------------------------------------------------------------------------
 initial random seed:
   bitrseed = 0100001010011000001011101100011110011000110110100110010000000000
 next initial random seed:
   bitrseed = 1000101111010000011011101000001101101101111111111111011011010010

-------------------------------------------------------------------------------
 job termination date : 2024/11/20
                 time :   11:51:08

-------------------------------------------------------------------------------
    CPU time and number of event called in PHITS
-------------------------------------------------------------------------------

                             sec
total cpu time =           18.65


                           count
      analysis =        2964846.  : data processing
         nevap =              0.  : evaporation
        dexgam =              0.  : de-excitation
         nreac =        2624444.  : atomic and nuclear reactions
         dklos =              0.  : particle decay
         hydro =              0.  : nucleon-nucleon scattering
        n-data =        2539097.  : neutron data library
        h-data =              0.  : p, d, a data library
        p-data =          85347.  : photon data library
        e-data =              0.  : electron data library
        p-egs5 =              0.  : photon interaction with EGS5
        e-egs5 =              0.  : electron interaction with EGS5
      e-tsmode =              0.  : electron track structure mode
    ion-tsmode =              0.  : ion track structure mode
     photonucl =              0.  : photo-nuclear reaction
 photonucl lib =              0.  : photo-nuclear reaction with library
       mu-reac =              0.  : muon-induced nuclear reaction
       mu-brem =              0.  : muon-induced bremsstrahlung
       mu-pprd =              0.  : muon-induced pair production
        mu-cap =              0.  : muon capture in nucleus
         elast =              0.  : elastic scattering
         ncasc =              0.  : nuclear reaction model

       bertini =              0.  : Bertini model
        isobar =              0.  : isobar model
           JAM =              0.  : JAM model
           QMD =              0.  : JQMD model
        JAMQMD =              0.  : JAMQMD model
          INCL =              0.  : INCL model
        INCELF =              0.  : INCELF model
     frag data =              0.  : user defined cross section
       SCINFUL =              0.  : SCINFUL mode

>>> Citation Request >>>=======================================================

 This execution uses model(s) that must be explicitly cited in addition to
 the PHITS original document: T.Sato et al., J.Nucl.Sci.Technol.61, 127-135 (2024).
 Please refer the following document(s) in your publication using this result

 The KUROTAMA model:
    K. Iida, A. Kohama, and K. Oyamatsu, J. Phys. Soc. Japan 76, 044201 (2007).

 END 
