           _________________________________________________________
          |                                                         |
          |       _/_/_/_/                                          |
          |      _/      _/                  _/_/_/_/_/_/           |
          |     _/      _/  _/      _/   _/      _/      _/_/_/_/_/ |
          |    _/_/_/_/    _/      _/   _/      _/      _/          |
          |   _/          _/_/_/_/_/   _/      _/       _/_/_/_/    |
          |  _/          _/      _/   _/      _/              _/    |
          | _/          _/      _/   _/      _/      _/_/_/_/_/     |
          |                                                         |
          |                                                         |
          |       Particle and Heavy Ion Transport code System      |
          |                      Version =  3.340                   |
          |                       developed by                      |
          |                                                         |
          |  Tatsuhiko SATO, Yosuke IWAMOTO, Shintaro HASHIMOTO,    |
          |    Tatsuhiko OGAWA, Takuya FURUTA, Shinichiro ABE,      |
          |    Takeshi KAI, Norihiro MATSUDA, Yusuke MATSUYA,       |
          |      Yuho HIRATA, Takuya SEKIKAWA, Pi-En TSAI,          |
          |                Hunter RATLIFF (JAEA),                   |
          |                                                         |
          |  Hiroshi IWASE, Yasuhito SAKAKI, Kenta SUGIHARA (KEK),  |
          |                                                         |
          |           Nobuhiro SHIGYO (Kyushu University),          |
          |                                                         |
          |      Lembit SIHVER (Technische Universitat Wien), and   |
          |                                                         |
          |                     Koji NIITA (RIST)                   |
          |                                                         |
          |                 Last Revised  2024-04-11                |
          |_________________________________________________________|

                            _ [ Job Title ] __ 
                           |                  |
                           |  phasan          |
                           |__________________|

                        Starting Date = 2024-11-20
                        Starting Time = 13h 15m 25

>>> Input Echo >>>=============================================================

[ Title ]
phasan

[ Parameters ]
 icntl    =           0     # (D=0) 3:ECH 5:NOR 6:SRC 7,8:GSH 11:DSH 12:DUMP
 maxcas   =       10000     # (D=10) number of particles per one batch
 maxbch   =       10000     # (D=10) number of batches
 negs     =          -1     # (D=-1) =-1:original, =0:No, =1:EGS, =2:EGS(HE)
 istdcut  =           0     # (D=0) stdcut for each tally  0: off, 1: on

[ Source ]
  totfact =   1.0000        # (D=1.0) global factor

 <Source> =   1.0000        # weight of this sub-source
   s-type =   2             # rectangular-solid source
     proj =  neutron        # kind of incident particle         
       x0 =  -13.500        # minimum position of x-axis [cm]
       x1 =   13.500        # maximum position of x-axis [cm]
       y0 =   25.210        # minimum position of y-axis [cm]
       y1 =   25.210        # maximum position of y-axis [cm]
       z0 =   0.0000        # minimum position of z-axis [cm]
       z1 =   60.000        # maximum position of z-axis [cm]
      dir =   all           # z-direction of beam [isotropic]
   e-type =   3             # Maxwellian generated by probability
      et0 =  2.58510E-08    # temperature of Maxwellian [MeV]
      et1 =  2.58510E-10    # minimum cutoff energy of Maxwellian [MeV]
      et2 =  2.58510E-06    # maximum cutoff energy of Maxwellian [MeV]
      et3 =  0.50000        # power index of Maxwellian
       nm = -200            # (D=-200) number of energy mesh
                            # nm>0: lin, nm<0: log mesh and interpolation
     trcl =      4          # transform ID

 <Source> =   1.0000        # weight of this sub-source
   s-type =   2             # rectangular-solid source
     proj =  neutron        # kind of incident particle         
       x0 =  -13.500        # minimum position of x-axis [cm]
       x1 =   13.500        # maximum position of x-axis [cm]
       y0 =   25.210        # minimum position of y-axis [cm]
       y1 =   25.210        # maximum position of y-axis [cm]
       z0 =   0.0000        # minimum position of z-axis [cm]
       z1 =   60.000        # maximum position of z-axis [cm]
      dir =   all           # z-direction of beam [isotropic]
   e-type =   3             # Maxwellian generated by probability
      et0 =  2.58510E-08    # temperature of Maxwellian [MeV]
      et1 =  2.58510E-10    # minimum cutoff energy of Maxwellian [MeV]
      et2 =  2.58510E-06    # maximum cutoff energy of Maxwellian [MeV]
      et3 =  0.50000        # power index of Maxwellian
       nm = -200            # (D=-200) number of energy mesh
                            # nm>0: lin, nm<0: log mesh and interpolation
     trcl =   0.0000000E+00  0.0000000E+00  0.0000000E+00
             -1.1519173E+00  0.0000000E+00  0.0000000E+00
              0.0000000E+00  0.0000000E+00  0.0000000E+00
              0.0000000E+00  0.0000000E+00  0.0000000E+00    2

[ Material ]
MAT[ 1 ] 
           Be         1.0000000E+00
mt1        be.20t  
MAT[ 2 ] 
         27Al         9.8700000E-01
           Mg         5.0000000E-03
           Si         8.0000000E-03
MAT[ 3 ] 
           1H         2.0000000E+00
          16O         1.0000000E+00
mt3      lwtr.20t  
MAT[ 4 ] 
          16O         2.0000000E-01
          14N         8.0000000E-01
MAT[ 5 ] 
            H         2.0000000E+00
mt5     hpara.20t  
MAT[ 6 ] 
           Al         1.0000000E+00
MAT[ 7 ] 
           1H         5.0000000E-01
mt7     hpara.20t hortho.20t  
MAT[ 8 ] 
            H         1.0000000E+00
mt8    hortho.20t  

[ Cell ]
 99         -1                 #51 #52 #53 #54 #55 #56 #57 #58 #59 #60
                              #61 #70 
 51          1 -1.8500000E+00  -1 2 -3 4 #54 #55 #57 #58 #59 #60 #61 #70 
 52          1 -1.8500000E+00  -5 1 #54 #55 #57 #58 #59 #60 #61 #70 
 53          1 -1.8500000E+00  -6 1 #52 #54 #55 #57 #58 #59 #60 #61 #70 
 54          0                 -7 #61 #70 
 55          4 -1.1640000E-03  -8 
 56          3 -1.0000000E+00  -12 1 2 -3 #52 #53 #54 #55 #57 #58 #59
                              #60 #61 #70 
 57          2 -2.7000000E+00  7 -10 #70 
 58          2 -2.7000000E+00  8 -11 
 60          2 -2.7000000E+00  -16 14 -17 #59  trcl=2 
 59          4 -1.1640000E-03  -13 14 -15  trcl=1 
 61          0                 23 -24 21 -22 25 -26  fill=1 trcl=3 
 62          0                 -46 45  lat=1  u=1  fill=0:0 0:0 0:0
 63          0                 -36 35 -32 31  lat=1  u=2  fill=0:0 0:0
                              0:0
 64          4 -1.1640000E-03  -24 21 -22 25 -26  u=3 
 65          5 -7.0000000E-02  -20  u=4 
 66          6 -2.7000000E+00  20  u=4 
 70         -1                 -30  trcl=3 

[ Surface ]
 100           so    1.0000000E+05
 1             cz    5.0000000E+01
 2             pz    0.0000000E+00
 3             pz    6.0000000E+01
 4           4 rhp   0.0000000E+00  0.0000000E+00  0.0000000E+00
                     0.0000000E+00  0.0000000E+00  6.0000000E+01
                     0.0000000E+00  2.5200000E+01  0.0000000E+00
                     2.1823840E+01  1.2600000E+01  0.0000000E+00
                     2.1823840E+01 -1.2600000E+01  0.0000000E+00

 5           4 box   6.2500000E+01  0.0000000E+00  0.0000000E+00
                    -4.0974302E+01 -4.3065727E+00  0.0000000E+00
                    -6.2717078E+00  5.9682169E+01  0.0000000E+00
                     0.0000000E+00  0.0000000E+00  6.0000000E+01
 6           4 box  -3.0300000E+01  6.0300000E+01  0.0000000E+00
                    -2.8118157E+00 -2.6752639E+01  0.0000000E+00
                     8.4832718E+01 -8.9162779E+00  0.0000000E+00
                     0.0000000E+00  0.0000000E+00  6.0000000E+01
 7           4 rcc   3.4729153E+01  2.7823298E+01  3.0000000E+01
                    -2.1323807E+01  2.0288247E+02  0.0000000E+00
                     1.0250000E+01
 8           4 rcc  -1.5683507E+00  4.2771255E+01  3.0000000E+01
                    -1.0939741E+02  1.1498131E+01  0.0000000E+00
                     4.9000000E+00
 9             cz    5.1300000E+01
 10          4 rcc   3.4865040E+01  2.6530420E+01  3.0000000E+01
                    -2.1595581E+01  2.0546822E+02  0.0000000E+00
                     1.1550000E+01
 11          4 rcc  -2.7547227E-01  4.2635368E+01  3.0000000E+01
                    -1.1198317E+02  1.1769905E+01  0.0000000E+00
                     6.2000000E+00
 16            cx    6.3000000E+00
 17            px    8.2600000E+01
 12            cz    1.1370000E+02
 13            cx    5.0000000E+00
 14            px    0.0000000E+00
 15            px    8.0000000E+01
 23            px    0.0000000E+00
 24            px    1.0000000E+01
 21            py    0.0000000E+00
 22            py    4.0000000E+00
 25            pz    0.0000000E+00
 26            pz    1.0000000E+01
 31            py    0.0000000E+00
 32            py    4.0000000E+00
 35            pz    0.0000000E+00
 36            pz    1.0000000E+01
 45            pz    0.0000000E+00
 46            pz    1.0000000E+01
 20            box   0.0000000E+00  0.0000000E+00  0.0000000E+00
                     1.0000000E+01  0.0000000E+00  0.0000000E+00
                     0.0000000E+00  4.0000000E+00  0.0000000E+00
                     0.0000000E+00  0.0000000E+00  1.0000000E+01
 30            box   0.0000000E+00 -5.0000000E-01  0.0000000E+00
                     0.0000000E+00  5.0000000E-01  0.0000000E+00
                     1.0000000E+01  0.0000000E+00  0.0000000E+00
                     0.0000000E+00  0.0000000E+00  1.0000000E+01

[ Transform ]
tr1            3.8400000E+01  7.0000000E+00  3.0000000E+01
               6.9813170E-02  0.0000000E+00  0.0000000E+00
               0.0000000E+00  0.0000000E+00  0.0000000E+00
               0.0000000E+00  0.0000000E+00  0.0000000E+00    2
tr2            3.7119750E+01  6.7742574E+00  3.0000000E+01
               6.9813170E-02  0.0000000E+00  0.0000000E+00
               0.0000000E+00  0.0000000E+00  0.0000000E+00
               0.0000000E+00  0.0000000E+00  0.0000000E+00    2
tr3            3.2447230E+01  2.4540694E+01  2.5000000E+01
               0.0000000E+00  0.0000000E+00  0.0000000E+00
               0.0000000E+00  0.0000000E+00  0.0000000E+00
               0.0000000E+00  0.0000000E+00  0.0000000E+00    2
tr4            0.0000000E+00  0.0000000E+00  0.0000000E+00
              -1.0471976E-01  0.0000000E+00  0.0000000E+00
               0.0000000E+00  0.0000000E+00  0.0000000E+00
               0.0000000E+00  0.0000000E+00  0.0000000E+00    2

$ The following transforms are defined in cell, lat, fill, source or tally
$ tr1000001    0.0000000E+00  0.0000000E+00  0.0000000E+00
$             -1.1519173E+00  0.0000000E+00  0.0000000E+00
$              0.0000000E+00  0.0000000E+00  0.0000000E+00
$              0.0000000E+00  0.0000000E+00  0.0000000E+00    2

[ Counter ]
  counter = 1
     part =  neutron  
# kf/name :  2112     
   reg     coll
     65       1 

[ Mat Name Color ]
   mat    name     size            color   # HSB color value
     0    void     1.00        lightgray   # { -0.800  1.000  1.000 }
     1      Be     1.00      yellowgreen   # {  0.700  1.000  1.000 }
     2    SzAV     1.00     orangeyellow   # {  0.867  1.000  1.000 }
     3     H2O     1.00       pastelblue   # {  0.250  0.400  1.000 }
     4     air     1.00        lightgray   # { -0.800  1.000  1.000 }
     5      pH     1.00       pastelcyan   # {  0.400  0.400  1.000 }
     6      Al     1.00     pastelviolet   # {  0.133  0.400  1.000 }
     7       7     1.00            green   # {  0.600  1.000  1.000 }
     8       8     1.00      pastelbrown   # {  0.900  0.600  0.500 }

[ T-Point ]
    title = flux at the end of chan
    point =    1            # number of point estimators
  non      x             y             z            r0
    1     37.44723      128.0407      30.00000     0.1000000    
   e-type =    2            # e-mesh is linear given by emin, emax and ne
     emin =   0.000000      # minimum value of e-mesh points
     emax =  2.5000000E-08  # maximum value of e-mesh points
#    edel =  2.5000000E-08  # mesh width of e-mesh points
       ne =      1          # number of e-mesh points
#    data = ( e(i), i = 1, ne + 1 )
#           0.00000E+00  2.50000E-08
     unit =    1            # unit is [1/cm^2/source]
     axis =  eng            # axis of output
     file = flux_at_the_end_of_chan.out  # file name of output for the above axis
     part =  neutron  
# kf/name :  2112     
   epsout =    1            # (D=0) generate eps file by ANGEL
 ctmin(1) =    1            # (D=-9999) min. of counter 1
 ctmax(1) = 9999            # (D= 9999) max. of counter 1
   stdcut = 3.0000000E-02   # (D=-1) threshold value of STD cutoff
#    used :        main (  %)        temp (  %)       total (  %)
#  memory :           4 (  0)           0 (  0)           4 (  0)

[END] of Input Echo <<<========================================================

<<< Report of real Geometry memory >>>
*           GG/CG memory =        2
*     total memory: mdas = 80000000
*                percent =     0.00 %

<<< Report of material memory for high energy>>>
*   high energy material =        1
*     total memory: mdas = 80000000
*                percent =     0.00 %

<<< Report of material memory for low energy>>>
*    low energy material =     4841
*     total memory: mdas = 80000000
*                percent =     0.01 %

<<< Report of real tally memory >>>
*      real tally memory =        4
*     total memory: mdas = 80000000
*                percent =     0.00 %

<<< Report of temporary tally memory >>>
* temporary tally memory =     4846
*     total memory: mdas = 80000000
*                percent =     0.01 %

<<< Report of total memory >>>
*      used total memory =     4847
*     total memory: mdas = 80000000
*                percent =     0.01 %
*                ---------------------

-------------------------------------------------------------------------------
bat[       1] ncas =          10000.
 bitrseed = 0100001010011000001011101100011110011000110110100110010000000000
          cpu time =   1.672 s.

-------------------------------------------------------------------------------
bat[       2] ncas =          20000.
 bitrseed = 0111011010010100011001101100101001110100011011011011110011011010
          cpu time =   1.653 s.

-------------------------------------------------------------------------------
bat[       3] ncas =          30000.
 bitrseed = 0010001001111000000001011101010001000101000111011100011011111001
          cpu time =   1.697 s.

-------------------------------------------------------------------------------
bat[       4] ncas =          40000.
 bitrseed = 1100111110010100110001011111101110101011011100111100011110011001
          cpu time =   1.623 s.

-------------------------------------------------------------------------------
bat[       5] ncas =          50000.
 bitrseed = 0100101001011011001000100100001001111001110011010001000110110101
          cpu time =   1.684 s.

-------------------------------------------------------------------------------
bat[       6] ncas =          60000.
 bitrseed = 1101100100010001111111011010111010000011100111001110011111110001
          cpu time =   1.606 s.

-------------------------------------------------------------------------------
bat[       7] ncas =          70000.
 bitrseed = 0110100110000100100100010011101000001011001010111110101011011100
          cpu time =   1.740 s.

-------------------------------------------------------------------------------
bat[       8] ncas =          80000.
 bitrseed = 0110010110111011001011101101110000000011011101101111010000000011
          cpu time =   1.620 s.

-------------------------------------------------------------------------------
bat[       9] ncas =          90000.
 bitrseed = 0010001000101001010101000110010101101010010000110000001101100101
          cpu time =   1.690 s.

-------------------------------------------------------------------------------
bat[      10] ncas =         100000.
 bitrseed = 1100110001000110001011111100001001111101000001100101110111110010
          cpu time =   1.660 s.

-------------------------------------------------------------------------------
bat[      11] ncas =         110000.
 bitrseed = 0001110011011001101111011000110011100000010010101010010011101100
          cpu time =   1.775 s.

-------------------------------------------------------------------------------
bat[      12] ncas =         120000.
 bitrseed = 1000101111010000011011101000001101101101111111111111011011010010
          cpu time =   1.585 s.

-------------------------------------------------------------------------------
bat[      13] ncas =         130000.
 bitrseed = 1110000000001111100010101111110011110111111001000001011011010111
          cpu time =   1.635 s.

-------------------------------------------------------------------------------
bat[      14] ncas =         140000.
 bitrseed = 1000100111000001101001001000011000010001010100010111110110000100
          cpu time =   1.545 s.

-------------------------------------------------------------------------------
bat[      15] ncas =         150000.
 bitrseed = 1000101000011100001000111000100101011101100010010111000100010010
          cpu time =   1.587 s.

-------------------------------------------------------------------------------
bat[      16] ncas =         160000.
 bitrseed = 1000111101001001100111000100110010101110010110010111110101110111
          cpu time =   1.583 s.

-------------------------------------------------------------------------------
bat[      17] ncas =         170000.
 bitrseed = 1110011110101011011110111100110000000001101100011101111101000001
          cpu time =   1.750 s.

-------------------------------------------------------------------------------
bat[      18] ncas =         180000.
 bitrseed = 0010011000001110001110011000010000111010110000011101110111000111
          cpu time =   1.760 s.

-------------------------------------------------------------------------------
bat[      19] ncas =         190000.
 bitrseed = 1100111000011111111000001110010010101001010110110001100110010010
          cpu time =   1.710 s.

-------------------------------------------------------------------------------
bat[      20] ncas =         200000.
 bitrseed = 0011110110111010100101011011101111010000010111101000000101110011
          cpu time =   1.600 s.

-------------------------------------------------------------------------------
bat[      21] ncas =         210000.
 bitrseed = 0111110100010110001100001010110110100011111100000101000000001001
          cpu time =   1.691 s.

-------------------------------------------------------------------------------
bat[      22] ncas =         220000.
 bitrseed = 0111011010110101001111001000110101111111011011100010101110110100
          cpu time =   1.639 s.

-------------------------------------------------------------------------------
bat[      23] ncas =         230000.
 bitrseed = 1001110111110011111110101010011110110000101001001000101101011000
          cpu time =   1.661 s.

-------------------------------------------------------------------------------
bat[      24] ncas =         240000.
 bitrseed = 1010010001100000110011100000010010010110010111111011011111001111
          cpu time =   1.629 s.

-------------------------------------------------------------------------------
bat[      25] ncas =         250000.
 bitrseed = 0101010000010001000001110110011001011111010010100001010001000001
          cpu time =   1.708 s.

-------------------------------------------------------------------------------
bat[      26] ncas =         260000.
 bitrseed = 1111011000111101101000010100011110010100010111000001110111101011
          cpu time =   1.742 s.

-------------------------------------------------------------------------------
bat[      27] ncas =         270000.
 bitrseed = 1001100001101111001110001101110111011100001010111000000111110011
          cpu time =   1.701 s.

-------------------------------------------------------------------------------
bat[      28] ncas =         280000.
 bitrseed = 0101101101000101100010100110101000000001011101101000000001111100
          cpu time =   1.759 s.

-------------------------------------------------------------------------------
bat[      29] ncas =         290000.
 bitrseed = 1111000101100111001110001110110110011101010011010110000001100010
          cpu time =   1.650 s.

-------------------------------------------------------------------------------
bat[      30] ncas =         300000.
 bitrseed = 0011010010001100001110011101010100100101001010000011101100111010
          cpu time =   1.680 s.

-------------------------------------------------------------------------------
bat[      31] ncas =         310000.
 bitrseed = 1000000101101111000011011110011001000101111100111101100001010101
          cpu time =   1.672 s.

-------------------------------------------------------------------------------
bat[      32] ncas =         320000.
 bitrseed = 0111001110010001110100110011010100000011010110100100001010111000
          cpu time =   1.658 s.

-------------------------------------------------------------------------------
bat[      33] ncas =         330000.
 bitrseed = 1111100110111101000101110000101000001001111000000000011000101111
          cpu time =   1.709 s.

-------------------------------------------------------------------------------
bat[      34] ncas =         340000.
 bitrseed = 1001001001000100101000010001100100010110010111001011010100100010
          cpu time =   1.651 s.

-------------------------------------------------------------------------------
bat[      35] ncas =         350000.
 bitrseed = 0100000111001000001011110110001101110100011111101011110000011110
          cpu time =   1.633 s.

-------------------------------------------------------------------------------
bat[      36] ncas =         360000.
 bitrseed = 1011010001010001001000000101110001110111111000010100101111010101
          cpu time =   1.657 s.

-------------------------------------------------------------------------------
bat[      37] ncas =         370000.
 bitrseed = 1001010101001111100010001011101101001010010101010110000011000111
          cpu time =   1.620 s.

-------------------------------------------------------------------------------
bat[      38] ncas =         380000.
 bitrseed = 0011100101001010010100101011101011010110010010011110100011111111
          cpu time =   1.620 s.

-------------------------------------------------------------------------------
bat[      39] ncas =         390000.
 bitrseed = 1100100011111001111110011000100100111111000111001010000011111000
          cpu time =   1.621 s.

-------------------------------------------------------------------------------
bat[      40] ncas =         400000.
 bitrseed = 1110111000100101001100111110110011111001111000110111010011100010
          cpu time =   1.609 s.

-------------------------------------------------------------------------------
bat[      41] ncas =         410000.
 bitrseed = 0101001111100011001000010000110000110111000010100111010111101100
          cpu time =   1.787 s.

-------------------------------------------------------------------------------
bat[      42] ncas =         420000.
 bitrseed = 1010101010011100011101111010101011011100110011101000001000011011
          cpu time =   1.653 s.

-------------------------------------------------------------------------------
bat[      43] ncas =         430000.
 bitrseed = 1000001000010001011000100100100011011011010100010111110000111001
          cpu time =   1.700 s.

-------------------------------------------------------------------------------
bat[      44] ncas =         440000.
 bitrseed = 0010000101011010011010011000000110001100101011100110010011000011
          cpu time =   1.630 s.

-------------------------------------------------------------------------------
bat[      45] ncas =         450000.
 bitrseed = 1111001111100111001110110001110111010000010001100100110100010011
          cpu time =   1.626 s.

-------------------------------------------------------------------------------
bat[      46] ncas =         460000.
 bitrseed = 1010011011000000011000000100110001111000001110010001110111010101
          cpu time =   1.584 s.

-------------------------------------------------------------------------------
bat[      47] ncas =         470000.
 bitrseed = 0101011111110110001110011100001101000010101000000001011101000000
          cpu time =   1.714 s.

-------------------------------------------------------------------------------
bat[      48] ncas =         480000.
 bitrseed = 0101011110111000110111110100100110010101101000011110101101001011
          cpu time =   1.536 s.

-------------------------------------------------------------------------------
bat[      49] ncas =         490000.
 bitrseed = 0001110111110110111100101111111011001111101011101001000010001000
          cpu time =   1.601 s.

-------------------------------------------------------------------------------
bat[      50] ncas =         500000.
 bitrseed = 1101001010011111101100100000100010111001110001011101000100100101
          cpu time =   1.559 s.

-------------------------------------------------------------------------------
bat[      51] ncas =         510000.
 bitrseed = 1111000010101100000101101011010101111000000001010110000101000000
          cpu time =   1.683 s.

-------------------------------------------------------------------------------
bat[      52] ncas =         520000.
 bitrseed = 0111001100010101011111001101000000111101001010001000110110011101
          cpu time =   1.597 s.

-------------------------------------------------------------------------------
bat[      53] ncas =         530000.
 bitrseed = 0001001100000111011101000011111001010011101111100011101010101000
          cpu time =   1.608 s.

-------------------------------------------------------------------------------
bat[      54] ncas =         540000.
 bitrseed = 1010000010000001010001000100111001001101110000110111111010110100
          cpu time =   1.612 s.

-------------------------------------------------------------------------------
bat[      55] ncas =         550000.
 bitrseed = 1010010110100000101100000111001010000000011101111101000111110011
          cpu time =   1.678 s.

-------------------------------------------------------------------------------
bat[      56] ncas =         560000.
 bitrseed = 1010011110101000001100101000011001110111010100101010000111110100
          cpu time =   1.842 s.

-------------------------------------------------------------------------------
bat[      57] ncas =         570000.
 bitrseed = 0001001110001001100100000101110110110100011101101011110101011000
          cpu time =   1.870 s.

-------------------------------------------------------------------------------
bat[      58] ncas =         580000.
 bitrseed = 0000010000000000111000111110101001101010110100101101100010110101
          cpu time =   1.700 s.

-------------------------------------------------------------------------------
bat[      59] ncas =         590000.
 bitrseed = 1001111000110101000011100010100001010011011110111011101000001101
          cpu time =   1.712 s.

-------------------------------------------------------------------------------
bat[      60] ncas =         600000.
 bitrseed = 1000111100111001001001100110110011011011110011001010011100001000
          cpu time =   1.708 s.

-------------------------------------------------------------------------------
bat[      61] ncas =         610000.
 bitrseed = 1000111101010000010001011010011111111110001101010011010010010110
          cpu time =   1.956 s.

-------------------------------------------------------------------------------
bat[      62] ncas =         620000.
 bitrseed = 1010101111001001011111101000010100110011001100111010101000000001
          cpu time =   1.824 s.

-------------------------------------------------------------------------------
bat[      63] ncas =         630000.
 bitrseed = 0100000111001010111001000101101101111111010011001010110011100000
          cpu time =   1.838 s.

-------------------------------------------------------------------------------
bat[      64] ncas =         640000.
 bitrseed = 1001001101010100111000101110111101010001010011001000001100100110
          cpu time =   1.562 s.

-------------------------------------------------------------------------------
bat[      65] ncas =         650000.
 bitrseed = 1000110011011001010010001010100011000101010111010000111101110010
          cpu time =   1.705 s.

-------------------------------------------------------------------------------
bat[      66] ncas =         660000.
 bitrseed = 1110000010001001000111111000100110001001100001010000111011101010
          cpu time =   1.655 s.

-------------------------------------------------------------------------------
bat[      67] ncas =         670000.
 bitrseed = 0010101001110100101011101000111011100010010000011010110110111100
          cpu time =   1.734 s.

-------------------------------------------------------------------------------
bat[      68] ncas =         680000.
 bitrseed = 1110010101101010011000101011111010010000000110101100010011001001
          cpu time =   1.846 s.

-------------------------------------------------------------------------------
bat[      69] ncas =         690000.
 bitrseed = 1011110111100001000100011100000110100101001110111100001110101111
          cpu time =   1.850 s.

-------------------------------------------------------------------------------
bat[      70] ncas =         700000.
 bitrseed = 0111101111010011110101010001111010110110100111101110000010000000
          cpu time =   1.710 s.

-------------------------------------------------------------------------------
bat[      71] ncas =         710000.
 bitrseed = 1011100110001010010111101101110100011001010001110111110001101101
          cpu time =   1.752 s.

-------------------------------------------------------------------------------
bat[      72] ncas =         720000.
 bitrseed = 1110111100100111000000111000100100110101100101000010101110001111
          cpu time =   1.718 s.

-------------------------------------------------------------------------------
bat[      73] ncas =         730000.
 bitrseed = 1100100111100001110101111011011101100011010111010001111101010110
          cpu time =   1.689 s.

-------------------------------------------------------------------------------
bat[      74] ncas =         740000.
 bitrseed = 1001010010110010010001101100011001010010011100111101000110110110
          cpu time =   1.831 s.

-------------------------------------------------------------------------------
bat[      75] ncas =         750000.
 bitrseed = 1001111111100000100111100001100010000101011111101010100100011111
          cpu time =   1.854 s.

-------------------------------------------------------------------------------
bat[      76] ncas =         760000.
 bitrseed = 0110010101111000011011110011101001111010111011000111110011111000
          cpu time =   1.756 s.

-------------------------------------------------------------------------------
bat[      77] ncas =         770000.
 bitrseed = 0111000100010001110100011101111000000110010100100011011100011011
          cpu time =   1.883 s.

-------------------------------------------------------------------------------
bat[      78] ncas =         780000.
 bitrseed = 0100101101101110111010111000101010011011000101101111010101000011
          cpu time =   1.907 s.

-------------------------------------------------------------------------------
bat[      79] ncas =         790000.
 bitrseed = 0000110101011011101111101100011010111011010110001010000010101010
          cpu time =   1.870 s.

-------------------------------------------------------------------------------
bat[      80] ncas =         800000.
 bitrseed = 1000000010110111110111101011101110001101010000101010111001111111
          cpu time =   1.540 s.

-------------------------------------------------------------------------------
bat[      81] ncas =         810000.
 bitrseed = 1010111100110100010100110010101101001010000010000110011011000010
          cpu time =   1.800 s.

-------------------------------------------------------------------------------
bat[      82] ncas =         820000.
 bitrseed = 1101111110110001001000011110011111000001001101100110100001000110
          cpu time =   1.560 s.

-------------------------------------------------------------------------------
bat[      83] ncas =         830000.
 bitrseed = 0001010110110101101010111000001000010011001101000000100100100000
          cpu time =   1.792 s.

-------------------------------------------------------------------------------
bat[      84] ncas =         840000.
 bitrseed = 0011100011011011100111001010010110000101110001101000000110110110
          cpu time =   1.828 s.

-------------------------------------------------------------------------------
bat[      85] ncas =         850000.
 bitrseed = 1001110111011101110001100001000110101001101111100011101100001111
          cpu time =   1.873 s.

-------------------------------------------------------------------------------
bat[      86] ncas =         860000.
 bitrseed = 0111100001100010100111111010000001110010100000000010000101110101
          cpu time =   1.757 s.

-------------------------------------------------------------------------------
bat[      87] ncas =         870000.
 bitrseed = 1101110011011111000011010100111101001111111101000011110001010111
          cpu time =   1.675 s.

-------------------------------------------------------------------------------
bat[      88] ncas =         880000.
 bitrseed = 1111010011000110111010001000100110011011000101000111001101110100
          cpu time =   1.645 s.

-------------------------------------------------------------------------------
bat[      89] ncas =         890000.
 bitrseed = 0001011101111000101011000111011111011000000011110100101100011100
          cpu time =   1.740 s.

-------------------------------------------------------------------------------
bat[      90] ncas =         900000.
 bitrseed = 0011101001100011110110000001100111000011001111001010001110100111
          cpu time =   1.810 s.

-------------------------------------------------------------------------------
bat[      91] ncas =         910000.
 bitrseed = 0110110101111101001100100100001011010110001100100011001111111111
          cpu time =   1.910 s.

-------------------------------------------------------------------------------
bat[      92] ncas =         920000.
 bitrseed = 1111100000001000011011000101100111111010110010000111101100010101
          cpu time =   1.850 s.

-------------------------------------------------------------------------------
bat[      93] ncas =         930000.
 bitrseed = 0110111110111010101110001011111100110101001010101110001110011010
          cpu time =   1.823 s.

-------------------------------------------------------------------------------
bat[      94] ncas =         940000.
 bitrseed = 0100111010110100111000010101010101101101110110111010101001010110
          cpu time =   1.767 s.

-------------------------------------------------------------------------------
bat[      95] ncas =         950000.
 bitrseed = 0100111110011010111100011111101100010100111010011000000100000011
          cpu time =   1.872 s.

-------------------------------------------------------------------------------
bat[      96] ncas =         960000.
 bitrseed = 0100000010011011101100111010010100011100100101010011111011010000
          cpu time =   1.828 s.

-------------------------------------------------------------------------------
bat[      97] ncas =         970000.
 bitrseed = 0111011110001011100100010011001101110010101000100100000110110011
          cpu time =   1.724 s.

-------------------------------------------------------------------------------
bat[      98] ncas =         980000.
 bitrseed = 0101100001010010100010111010101000001001010100110100111011100111
          cpu time =   1.826 s.

-------------------------------------------------------------------------------
bat[      99] ncas =         990000.
 bitrseed = 1111101010100100001110011000111111111011000110100000000010101010
          cpu time =   1.861 s.

-------------------------------------------------------------------------------
bat[     100] ncas =        1000000.
 bitrseed = 0010101001010011011011101011100111011101011100011101010110101010
          cpu time =   1.859 s.

-------------------------------------------------------------------------------
bat[     101] ncas =        1010000.
 bitrseed = 0101101000001110011101111011110101001001010001111010111000101101
          cpu time =   1.865 s.

-------------------------------------------------------------------------------
bat[     102] ncas =        1020000.
 bitrseed = 0000000000010111100100101000110100010010100010010111010011001011
          cpu time =   1.665 s.

-------------------------------------------------------------------------------
bat[     103] ncas =        1030000.
 bitrseed = 0101101101000101100011000100000001000111011011001111110110100111
          cpu time =   1.781 s.

-------------------------------------------------------------------------------
bat[     104] ncas =        1040000.
 bitrseed = 0000101010101000011011100110111110100010101110111110101001111010
          cpu time =   1.669 s.

-------------------------------------------------------------------------------
bat[     105] ncas =        1050000.
 bitrseed = 0110111110011100101111111100001101000001000101100001011110101001
          cpu time =   1.715 s.

-------------------------------------------------------------------------------
bat[     106] ncas =        1060000.
 bitrseed = 0110111111110100011111010101111011101001001111101110000100110010
          cpu time =   1.795 s.

-------------------------------------------------------------------------------
bat[     107] ncas =        1070000.
 bitrseed = 0110010000110111100110011011011010111011000110001100011111001100
          cpu time =   1.938 s.

-------------------------------------------------------------------------------
bat[     108] ncas =        1080000.
 bitrseed = 1011111010101011111100110001111000111110110110011011101011101100
          cpu time =   1.782 s.

-------------------------------------------------------------------------------
bat[     109] ncas =        1090000.
 bitrseed = 0000001011010011010011010100101000100101000000101011101110111101
          cpu time =   1.761 s.

-------------------------------------------------------------------------------
bat[     110] ncas =        1100000.
 bitrseed = 0010100101111000111110100000100101111001101001111100100100111110
          cpu time =   1.649 s.

-------------------------------------------------------------------------------
bat[     111] ncas =        1110000.
 bitrseed = 0011010110010100100101001000111111111011110001111111011011100010
          cpu time =   1.872 s.

-------------------------------------------------------------------------------
bat[     112] ncas =        1120000.
 bitrseed = 0111010001101111001000100110101000101101001011110011010101110110
          cpu time =   1.738 s.

-------------------------------------------------------------------------------
bat[     113] ncas =        1130000.
 bitrseed = 1101111100111100010110111110001110100101000110011100100110111110
          cpu time =   1.773 s.

-------------------------------------------------------------------------------
bat[     114] ncas =        1140000.
 bitrseed = 0100000011010001101100110011011101110010010111010011011111001111
          cpu time =   1.767 s.

-------------------------------------------------------------------------------
bat[     115] ncas =        1150000.
 bitrseed = 1100000110111100110111111010110001011100000010101011010000011100
          cpu time =   1.752 s.

-------------------------------------------------------------------------------
bat[     116] ncas =        1160000.
 bitrseed = 1101110110111011000111111000000001011110110100010100010101011001
          cpu time =   1.818 s.

-------------------------------------------------------------------------------
bat[     117] ncas =        1170000.
 bitrseed = 0000101111111111000010111001011000111010010111011011111110010011
          cpu time =   1.974 s.

-------------------------------------------------------------------------------
bat[     118] ncas =        1180000.
 bitrseed = 0110101100010001000101011010111110100100111110100111100011100001
          cpu time =   1.816 s.

-------------------------------------------------------------------------------
bat[     119] ncas =        1190000.
 bitrseed = 1101011011110000011001110010101000011100111111001010011101000110
          cpu time =   1.822 s.

-------------------------------------------------------------------------------
bat[     120] ncas =        1200000.
 bitrseed = 0111000010001000110101101100100100001010110111000010111101000001
          cpu time =   1.768 s.

-------------------------------------------------------------------------------
bat[     121] ncas =        1210000.
 bitrseed = 0100011111111100101110111100010100110110110101100011000001010111
          cpu time =   1.758 s.

-------------------------------------------------------------------------------
bat[     122] ncas =        1220000.
 bitrseed = 0001110001101110100001000100001001100111100111111001110000111000
          cpu time =   1.722 s.

-------------------------------------------------------------------------------
bat[     123] ncas =        1230000.
 bitrseed = 0111110100100011011100010010010101100100100100010001001011011001
          cpu time =   1.855 s.

-------------------------------------------------------------------------------
bat[     124] ncas =        1240000.
 bitrseed = 1000100101101111100000000010110100111110010011110101000001101001
          cpu time =   1.755 s.

-------------------------------------------------------------------------------
bat[     125] ncas =        1250000.
 bitrseed = 1111000000001001110011010010100011110000011110001101001111011111
          cpu time =   1.755 s.

-------------------------------------------------------------------------------
bat[     126] ncas =        1260000.
 bitrseed = 1111100011010001111011111010001010110111000011010000101000000001
          cpu time =   1.845 s.

-------------------------------------------------------------------------------
bat[     127] ncas =        1270000.
 bitrseed = 0010001111110101010101011000100100010001010000001110111100010000
          cpu time =   1.798 s.

-------------------------------------------------------------------------------
bat[     128] ncas =        1280000.
 bitrseed = 0010100111011010001000001010100100011100111010000010011110111111
          cpu time =   1.872 s.

-------------------------------------------------------------------------------
bat[     129] ncas =        1290000.
 bitrseed = 0110110111010010011010100011110110001111101100100101010100011100
          cpu time =   1.747 s.

-------------------------------------------------------------------------------
bat[     130] ncas =        1300000.
 bitrseed = 1011100101010111100110001100110100000010111111111100111101111110
          cpu time =   1.813 s.

-------------------------------------------------------------------------------
bat[     131] ncas =        1310000.
 bitrseed = 1111111000001001110001111010001010000111101111001111000011110001
          cpu time =   1.742 s.

-------------------------------------------------------------------------------
bat[     132] ncas =        1320000.
 bitrseed = 0001101100111110011010010010000100101011101000111010110111001001
          cpu time =   1.758 s.

-------------------------------------------------------------------------------
bat[     133] ncas =        1330000.
 bitrseed = 0011100010100110110110010011010100101111011111010010100000111100
          cpu time =   1.850 s.

-------------------------------------------------------------------------------
bat[     134] ncas =        1340000.
 bitrseed = 0001110111010111011111101011001001101011010101010000001110101001
          cpu time =   1.720 s.

-------------------------------------------------------------------------------
bat[     135] ncas =        1350000.
 bitrseed = 0001100110110000101010001010101100110000010011001011000010001000
          cpu time =   1.711 s.

-------------------------------------------------------------------------------
bat[     136] ncas =        1360000.
 bitrseed = 0111110001000011000011110000100100101011010001000110011101001011
          cpu time =   1.669 s.

-------------------------------------------------------------------------------
bat[     137] ncas =        1370000.
 bitrseed = 1000010100110100011000100100000101000001010001110001001111000110
          cpu time =   1.974 s.

-------------------------------------------------------------------------------
bat[     138] ncas =        1380000.
 bitrseed = 1010001011101111011001000000101101000101011110011100111010010101
          cpu time =   1.866 s.

-------------------------------------------------------------------------------
bat[     139] ncas =        1390000.
 bitrseed = 0010000011100001100011001110110010000101100100100011111010100100
          cpu time =   1.729 s.

-------------------------------------------------------------------------------
bat[     140] ncas =        1400000.
 bitrseed = 1101111101111110110111100010001101000101000011110110101001001010
          cpu time =   1.801 s.

-------------------------------------------------------------------------------
bat[     141] ncas =        1410000.
 bitrseed = 0010010110001001011001100101100010011110110000110100010111111101
          cpu time =   1.775 s.

-------------------------------------------------------------------------------
bat[     142] ncas =        1420000.
 bitrseed = 1011000001000010101001011001000010001000001001111001101100100110
          cpu time =   1.825 s.

-------------------------------------------------------------------------------
bat[     143] ncas =        1430000.
 bitrseed = 0011010101000000110100011111100001100011110110111011111100101110
          cpu time =   1.738 s.

-------------------------------------------------------------------------------
bat[     144] ncas =        1440000.
 bitrseed = 0110101111101011000010110110000011111101111111011001001100001001
          cpu time =   1.732 s.

-------------------------------------------------------------------------------
bat[     145] ncas =        1450000.
 bitrseed = 1111001110100100110001101100011101000111011110001110011000100111
          cpu time =   1.938 s.

-------------------------------------------------------------------------------
bat[     146] ncas =        1460000.
 bitrseed = 1000011001000110001001001111111000100010000001000101000101010110
          cpu time =   1.742 s.

-------------------------------------------------------------------------------
bat[     147] ncas =        1470000.
 bitrseed = 0100000001111100011101111101100010111001110101000111110001111111
          cpu time =   1.791 s.

-------------------------------------------------------------------------------
bat[     148] ncas =        1480000.
 bitrseed = 1011011111011001001100011011001110101111100111011101101101101110
          cpu time =   1.759 s.

-------------------------------------------------------------------------------
bat[     149] ncas =        1490000.
 bitrseed = 1000000110100110111100101111010111111011111000011011111100010111
          cpu time =   1.804 s.

-------------------------------------------------------------------------------
bat[     150] ncas =        1500000.
 bitrseed = 1001111001111111010010001011110001101111010101001111111000100011
          cpu time =   1.846 s.

-------------------------------------------------------------------------------
bat[     151] ncas =        1510000.
 bitrseed = 1100000110001001100110111101111100100001111000010010100110001100
          cpu time =   1.788 s.

-------------------------------------------------------------------------------
bat[     152] ncas =        1520000.
 bitrseed = 1111101001010001000001100111101010111010001110010000010110110101
          cpu time =   1.692 s.

-------------------------------------------------------------------------------
bat[     153] ncas =        1530000.
 bitrseed = 0000101110000111110100110110001011010001111110101011010111001100
          cpu time =   1.856 s.

-------------------------------------------------------------------------------
bat[     154] ncas =        1540000.
 bitrseed = 0000110101110100100000100111010100000101000110010101100100000111
          cpu time =   1.904 s.

-------------------------------------------------------------------------------
bat[     155] ncas =        1550000.
 bitrseed = 1000110111011010100110011111001101100010000000111101000111000001
          cpu time =   1.745 s.

-------------------------------------------------------------------------------
bat[     156] ncas =        1560000.
 bitrseed = 0111100100110010101001110111111001011010001100001001111000111001
          cpu time =   1.895 s.

-------------------------------------------------------------------------------
bat[     157] ncas =        1570000.
 bitrseed = 1100001011100101011011101010011111100101111011100010001100010110
          cpu time =   1.872 s.

-------------------------------------------------------------------------------
bat[     158] ncas =        1580000.
 bitrseed = 1010101111111000111000010011011101101111100011100100111000111000
          cpu time =   1.838 s.

-------------------------------------------------------------------------------
bat[     159] ncas =        1590000.
 bitrseed = 0111010010101000111110111110011011100101000101000010101010000111
          cpu time =   1.792 s.

-------------------------------------------------------------------------------
bat[     160] ncas =        1600000.
 bitrseed = 0100010011111011011011100010000011011001101111000000101110000001
          cpu time =   1.708 s.

-------------------------------------------------------------------------------
bat[     161] ncas =        1610000.
 bitrseed = 1101001101111100010000101000110010111001111101001110100100111111
          cpu time =   1.607 s.

-------------------------------------------------------------------------------
bat[     162] ncas =        1620000.
 bitrseed = 1101011011011110011101000100101101010111101100100110001011000000
          cpu time =   1.643 s.

-------------------------------------------------------------------------------
bat[     163] ncas =        1630000.
 bitrseed = 0000001100110111110011111101001001110111011010001101100100001100
          cpu time =   1.944 s.

-------------------------------------------------------------------------------
bat[     164] ncas =        1640000.
 bitrseed = 1100010111001111110101000101111011110011110001011110110010110000
          cpu time =   1.876 s.

-------------------------------------------------------------------------------
bat[     165] ncas =        1650000.
 bitrseed = 1000101101001011011110110110000001100000011011111100100110100110
          cpu time =   1.798 s.

-------------------------------------------------------------------------------
bat[     166] ncas =        1660000.
 bitrseed = 1000000100101000001000001010100001111011011100010011001100111101
          cpu time =   1.862 s.

-------------------------------------------------------------------------------
bat[     167] ncas =        1670000.
 bitrseed = 1110101111001010101001010111000101010101010101000110111000111101
          cpu time =   1.802 s.

-------------------------------------------------------------------------------
bat[     168] ncas =        1680000.
 bitrseed = 1011011110011000101100001110110001000111100111010010101110010000
          cpu time =   1.898 s.

-------------------------------------------------------------------------------
bat[     169] ncas =        1690000.
 bitrseed = 1101101110101111010000110111111100000001001001111100110000111001
          cpu time =   1.947 s.

-------------------------------------------------------------------------------
bat[     170] ncas =        1700000.
 bitrseed = 0011101110000101100010011000110010101110110000001000110010001010
          cpu time =   1.763 s.

-------------------------------------------------------------------------------
bat[     171] ncas =        1710000.
 bitrseed = 1011110100000000111001000011111111011011000101011011111010010001
          cpu time =   1.867 s.

-------------------------------------------------------------------------------
bat[     172] ncas =        1720000.
 bitrseed = 0101010011111000111110101011111111111011000100001101010001101000
          cpu time =   1.713 s.

-------------------------------------------------------------------------------
bat[     173] ncas =        1730000.
 bitrseed = 1001011100100101100001001001100010111000001111110110010010111001
          cpu time =   1.855 s.

-------------------------------------------------------------------------------
bat[     174] ncas =        1740000.
 bitrseed = 1010110100100110100001111000010011010100100110110100001111001000
          cpu time =   1.725 s.

-------------------------------------------------------------------------------
bat[     175] ncas =        1750000.
 bitrseed = 1000000101100011110100001000000010110111010101000100100111000110
          cpu time =   1.892 s.

-------------------------------------------------------------------------------
bat[     176] ncas =        1760000.
 bitrseed = 1000111000011101101111001011010001010110010111011011010101001011
          cpu time =   1.808 s.

-------------------------------------------------------------------------------
bat[     177] ncas =        1770000.
 bitrseed = 1101110010100001000100000010010010101000111010101010001010111000
          cpu time =   1.836 s.

-------------------------------------------------------------------------------
bat[     178] ncas =        1780000.
 bitrseed = 0100011011010011010011000100010110011111011000100111001100100110
          cpu time =   1.714 s.

-------------------------------------------------------------------------------
bat[     179] ncas =        1790000.
 bitrseed = 0111000001111100101100001100011001110101110011011100101010001000
          cpu time =   1.873 s.

-------------------------------------------------------------------------------
bat[     180] ncas =        1800000.
 bitrseed = 0001010010001010110011101111101100100010110100100101100011011111
          cpu time =   1.837 s.

-------------------------------------------------------------------------------
bat[     181] ncas =        1810000.
 bitrseed = 0010101000101000101001011000000110010010101001010101100001111111
          cpu time =   1.680 s.

-------------------------------------------------------------------------------
bat[     182] ncas =        1820000.
 bitrseed = 1000101101111110000101000010001011011000011000011111111110111000
          cpu time =   1.690 s.

-------------------------------------------------------------------------------
bat[     183] ncas =        1830000.
 bitrseed = 1111000100000100111000010110011010000110001111100010111101101100
          cpu time =   1.730 s.

-------------------------------------------------------------------------------
bat[     184] ncas =        1840000.
 bitrseed = 1100110000111110000100100000011010010001101001111010111010011101
          cpu time =   1.740 s.

-------------------------------------------------------------------------------
bat[     185] ncas =        1850000.
 bitrseed = 0001001101100110101100101100001000010000101101110100111100011001
          cpu time =   1.895 s.

-------------------------------------------------------------------------------
bat[     186] ncas =        1860000.
 bitrseed = 1111111010100111101011111011011111010010111011010110110111011100
          cpu time =   1.895 s.

-------------------------------------------------------------------------------
bat[     187] ncas =        1870000.
 bitrseed = 0001110101001010000011001011100110011011011101100110010000100001
          cpu time =   1.774 s.

-------------------------------------------------------------------------------
bat[     188] ncas =        1880000.
 bitrseed = 1000001110111111000110101100100010101001010100001111001011000000
          cpu time =   1.916 s.

-------------------------------------------------------------------------------
bat[     189] ncas =        1890000.
 bitrseed = 0000101011101100000101110100111011111100111011001110101001111111
          cpu time =   1.917 s.

-------------------------------------------------------------------------------
bat[     190] ncas =        1900000.
 bitrseed = 0010111001011001000111000011101110010101000010111101100001010111
          cpu time =   1.893 s.

-------------------------------------------------------------------------------
bat[     191] ncas =        1910000.
 bitrseed = 0010111100010001011101010110010001110001101101101111111010001010
          cpu time =   1.890 s.

-------------------------------------------------------------------------------
bat[     192] ncas =        1920000.
 bitrseed = 1001011001110111000000101011010101001100001011111100011100100001
          cpu time =   1.770 s.

-------------------------------------------------------------------------------
bat[     193] ncas =        1930000.
 bitrseed = 0011001001010011100100111110111100110111111101010101011111000111
          cpu time =   1.697 s.

-------------------------------------------------------------------------------
bat[     194] ncas =        1940000.
 bitrseed = 0101001001100010001001100001100011110010011111111010111111001001
          cpu time =   1.693 s.

-------------------------------------------------------------------------------
bat[     195] ncas =        1950000.
 bitrseed = 1010010000110101100001101001101101100010000011000011110111110101
          cpu time =   1.815 s.

-------------------------------------------------------------------------------
bat[     196] ncas =        1960000.
 bitrseed = 0001101001011010111001001011100110111001111111001101001001000001
          cpu time =   1.805 s.

-------------------------------------------------------------------------------
bat[     197] ncas =        1970000.
 bitrseed = 0111000111111101001110101001001001110110100001101000011111100110
          cpu time =   1.905 s.

-------------------------------------------------------------------------------
bat[     198] ncas =        1980000.
 bitrseed = 0000101001111100010010110100111101001001011011100110001101101100
          cpu time =   1.785 s.

-------------------------------------------------------------------------------
bat[     199] ncas =        1990000.
 bitrseed = 1010100001010100011100001010010000001101011110110110010011100111
          cpu time =   1.842 s.

-------------------------------------------------------------------------------
bat[     200] ncas =        2000000.
 bitrseed = 0010010110000000101110110100100011100111010010111101000010100101
          cpu time =   1.708 s.

-------------------------------------------------------------------------------
bat[     201] ncas =        2010000.
 bitrseed = 0000111001110000100000000101110001100100110011010001011101101101
          cpu time =   1.889 s.

-------------------------------------------------------------------------------
bat[     202] ncas =        2020000.
 bitrseed = 1111011001001000010100101101010000011010011111101111100011011110
          cpu time =   1.831 s.

-------------------------------------------------------------------------------
bat[     203] ncas =        2030000.
 bitrseed = 1011101101010010011111001101111010100101110001000100011110111110
          cpu time =   1.694 s.

-------------------------------------------------------------------------------
bat[     204] ncas =        2040000.
 bitrseed = 1001111000001010101001111011101111110010110011000100011000001001
          cpu time =   1.696 s.

-------------------------------------------------------------------------------
bat[     205] ncas =        2050000.
 bitrseed = 1011100110111001011110000011110111011110000101100000110111101110
          cpu time =   1.870 s.

-------------------------------------------------------------------------------
bat[     206] ncas =        2060000.
 bitrseed = 0001010110101010100010000111101001000101011011001100110001101110
          cpu time =   1.830 s.

-------------------------------------------------------------------------------
bat[     207] ncas =        2070000.
 bitrseed = 0011011100100001010001110101101101100001010100011110000011000010
          cpu time =   1.673 s.

-------------------------------------------------------------------------------
bat[     208] ncas =        2080000.
 bitrseed = 0111001010100100111001100001011000100001101111101010101010100001
          cpu time =   1.727 s.

-------------------------------------------------------------------------------
bat[     209] ncas =        2090000.
 bitrseed = 1101110111101110000000111001000000111101100010100000110100100011
          cpu time =   1.858 s.

-------------------------------------------------------------------------------
bat[     210] ncas =        2100000.
 bitrseed = 0010001011110010100011101001100000001010011011110011010101101010
          cpu time =   1.792 s.

-------------------------------------------------------------------------------
bat[     211] ncas =        2110000.
 bitrseed = 1000011011100101001100110111111100100111110111011001000011001010
          cpu time =   1.833 s.

-------------------------------------------------------------------------------
bat[     212] ncas =        2120000.
 bitrseed = 1011111100000110111110010111000010100101011111010101110110010011
          cpu time =   1.877 s.

-------------------------------------------------------------------------------
bat[     213] ncas =        2130000.
 bitrseed = 0011010111000011101110001001011101000000001001111011011000110111
          cpu time =   1.879 s.

-------------------------------------------------------------------------------
bat[     214] ncas =        2140000.
 bitrseed = 1010101111010010100010000111011000101101001100001010001011001100
          cpu time =   1.861 s.

-------------------------------------------------------------------------------
bat[     215] ncas =        2150000.
 bitrseed = 1111010100100101110000110010010001011011010000111101101011111000
          cpu time =   1.755 s.

-------------------------------------------------------------------------------
bat[     216] ncas =        2160000.
 bitrseed = 1101100010100111101100010010011111101101011110101011100111100100
          cpu time =   1.645 s.

-------------------------------------------------------------------------------
bat[     217] ncas =        2170000.
 bitrseed = 0000000101000111011000111011011110010100011010110101111101001010
          cpu time =   1.749 s.

-------------------------------------------------------------------------------
bat[     218] ncas =        2180000.
 bitrseed = 1000011000000101000011011011010100000111010101000100100100010010
          cpu time =   1.861 s.

-------------------------------------------------------------------------------
bat[     219] ncas =        2190000.
 bitrseed = 0111100011111011101111011110001011000111001011100101101000101010
          cpu time =   1.815 s.

-------------------------------------------------------------------------------
bat[     220] ncas =        2200000.
 bitrseed = 0011100010000000010101000010011111111101111001011110011111011010
          cpu time =   1.885 s.

-------------------------------------------------------------------------------
bat[     221] ncas =        2210000.
 bitrseed = 0001001101101001000111110111011110101001100001101111111000000001
          cpu time =   1.951 s.

-------------------------------------------------------------------------------
bat[     222] ncas =        2220000.
 bitrseed = 0000011011100000101011001010110110010101111010101111100000000001
          cpu time =   1.839 s.

-------------------------------------------------------------------------------
bat[     223] ncas =        2230000.
 bitrseed = 0101100101010010011100110010101011101001000000110111110110001101
          cpu time =   1.657 s.

-------------------------------------------------------------------------------
bat[     224] ncas =        2240000.
 bitrseed = 1100101101001100000111110011101101110001101011010100111000011111
          cpu time =   1.703 s.

-------------------------------------------------------------------------------
bat[     225] ncas =        2250000.
 bitrseed = 1100010100011111100110101011100101010000000011101100100100011101
          cpu time =   1.807 s.

-------------------------------------------------------------------------------
bat[     226] ncas =        2260000.
 bitrseed = 1010101110110011011010000100000001010110111101010111110010001100
          cpu time =   1.893 s.

-------------------------------------------------------------------------------
bat[     227] ncas =        2270000.
 bitrseed = 1000010001011111111111110010000001000010010010001001010001010110
          cpu time =   1.888 s.

-------------------------------------------------------------------------------
bat[     228] ncas =        2280000.
 bitrseed = 0100110111000111010011111010011001010011001001100001011011001000
          cpu time =   1.802 s.

-------------------------------------------------------------------------------
bat[     229] ncas =        2290000.
 bitrseed = 0001010100001000111100110111100010001100110001001011001001011000
          cpu time =   1.683 s.

-------------------------------------------------------------------------------
bat[     230] ncas =        2300000.
 bitrseed = 1111111011100001001100101100110101000010001110111010001011110001
          cpu time =   1.807 s.

-------------------------------------------------------------------------------
bat[     231] ncas =        2310000.
 bitrseed = 1011101100111110101100101100010000010010110111111100110010111011
          cpu time =   1.922 s.

-------------------------------------------------------------------------------
bat[     232] ncas =        2320000.
 bitrseed = 1111010010001010101111000011110100011110001011111001000011010110
          cpu time =   1.798 s.

-------------------------------------------------------------------------------
bat[     233] ncas =        2330000.
 bitrseed = 0100101000001010001011110110001111000000101010001001011101001001
          cpu time =   1.760 s.

-------------------------------------------------------------------------------
bat[     234] ncas =        2340000.
 bitrseed = 0100110000111101100011010000101010000111001010011100000011001010
          cpu time =   1.710 s.

-------------------------------------------------------------------------------
bat[     235] ncas =        2350000.
 bitrseed = 0000101110101011111001101100010010100000000111111000000010100011
          cpu time =   1.899 s.

-------------------------------------------------------------------------------
bat[     236] ncas =        2360000.
 bitrseed = 1111101100101000111000001111000111101010010010010101001110100100
          cpu time =   1.791 s.

-------------------------------------------------------------------------------
bat[     237] ncas =        2370000.
 bitrseed = 1111111111111001001111000110010111101000110010111100111000000111
          cpu time =   1.788 s.

-------------------------------------------------------------------------------
bat[     238] ncas =        2380000.
 bitrseed = 1111010001011000100101010111100000001000000010001110011010011111
          cpu time =   1.842 s.

-------------------------------------------------------------------------------
bat[     239] ncas =        2390000.
 bitrseed = 0011100110011101010100111100000001111111001011101010001100101110
          cpu time =   1.875 s.

-------------------------------------------------------------------------------
bat[     240] ncas =        2400000.
 bitrseed = 0010000001101001111000010000111100100010010101101111010100101110
          cpu time =   1.845 s.

-------------------------------------------------------------------------------
bat[     241] ncas =        2410000.
 bitrseed = 0100110000111000111010011111100100111110000000010001011010100001
          cpu time =   1.814 s.

-------------------------------------------------------------------------------
bat[     242] ncas =        2420000.
 bitrseed = 1101010001001110110011001000011001010011001010100111011000011110
          cpu time =   1.816 s.

-------------------------------------------------------------------------------
bat[     243] ncas =        2430000.
 bitrseed = 1011011000101111110010010101100001001110011010010101001010101011
          cpu time =   1.785 s.

-------------------------------------------------------------------------------
bat[     244] ncas =        2440000.
 bitrseed = 1001010001000000011101000101001011010100111011010111011110000110
          cpu time =   1.805 s.

-------------------------------------------------------------------------------
bat[     245] ncas =        2450000.
 bitrseed = 0010100101100111001001100000000111101010011000000100010100000111
          cpu time =   1.832 s.

-------------------------------------------------------------------------------
bat[     246] ncas =        2460000.
 bitrseed = 1000111011011100010100110001000011001100001010110100010000011000
          cpu time =   1.758 s.

-------------------------------------------------------------------------------
bat[     247] ncas =        2470000.
 bitrseed = 0111101011101100010101111111011111101100011101010011101011111101
          cpu time =   1.818 s.

-------------------------------------------------------------------------------
bat[     248] ncas =        2480000.
 bitrseed = 0001110010011110100110110000001101101111001001110000000011111001
          cpu time =   1.752 s.

-------------------------------------------------------------------------------
bat[     249] ncas =        2490000.
 bitrseed = 0101000101111101011000001010111111110011111000010011101010001000
          cpu time =   1.774 s.

-------------------------------------------------------------------------------
bat[     250] ncas =        2500000.
 bitrseed = 1001010111110001001001000110010111110110000111110000001001000010
          cpu time =   1.776 s.

-------------------------------------------------------------------------------
bat[     251] ncas =        2510000.
 bitrseed = 1101000000000100101111010010111011110101010110011000100011001111
          cpu time =   1.756 s.

-------------------------------------------------------------------------------
bat[     252] ncas =        2520000.
 bitrseed = 0001110100000010101111110110111101110001010011001010011000001101
          cpu time =   1.744 s.

-------------------------------------------------------------------------------
bat[     253] ncas =        2530000.
 bitrseed = 1001100000000100100110010110001111101011001101010100010110001011
          cpu time =   1.857 s.

-------------------------------------------------------------------------------
bat[     254] ncas =        2540000.
 bitrseed = 1010100001010110110100111011101101010100010111000100100001000100
          cpu time =   1.943 s.

-------------------------------------------------------------------------------
bat[     255] ncas =        2550000.
 bitrseed = 1101101001000010101000100010000011011010100000011100100011010100
          cpu time =   1.963 s.

-------------------------------------------------------------------------------
bat[     256] ncas =        2560000.
 bitrseed = 0011100010100101000111000010000010111010101110000000100111111111
          cpu time =   1.837 s.

-------------------------------------------------------------------------------
bat[     257] ncas =        2570000.
 bitrseed = 0111001001011100011111010010001011001111110111100010010010001100
          cpu time =   1.793 s.

-------------------------------------------------------------------------------
bat[     258] ncas =        2580000.
 bitrseed = 1111111101011110000010010011100010010001111111100110010011110000
          cpu time =   1.817 s.

-------------------------------------------------------------------------------
bat[     259] ncas =        2590000.
 bitrseed = 0110111111111110101001001110100110101001010110011110000110100011
          cpu time =   1.743 s.

-------------------------------------------------------------------------------
bat[     260] ncas =        2600000.
 bitrseed = 0000101011011100100110000010111111100010101101010111111001100110
          cpu time =   1.717 s.

-------------------------------------------------------------------------------
bat[     261] ncas =        2610000.
 bitrseed = 1100000100001101001010000001110100100001011011010000100001010110
          cpu time =   1.651 s.

-------------------------------------------------------------------------------
bat[     262] ncas =        2620000.
 bitrseed = 1000010001110111111110111011111001010110010101011100000001000010
          cpu time =   1.919 s.

-------------------------------------------------------------------------------
bat[     263] ncas =        2630000.
 bitrseed = 0100111100000000001011011011001001001001110000111101101101010111
          cpu time =   1.882 s.

-------------------------------------------------------------------------------
bat[     264] ncas =        2640000.
 bitrseed = 1111010000001010000010101010100010000000111101110100101010101101
          cpu time =   1.798 s.

-------------------------------------------------------------------------------
bat[     265] ncas =        2650000.
 bitrseed = 0100111100001000000011101001001011011110000101010001000111000111
          cpu time =   1.669 s.

-------------------------------------------------------------------------------
bat[     266] ncas =        2660000.
 bitrseed = 0011110010100101101110111001101100011101000101011011100110000101
          cpu time =   1.801 s.

-------------------------------------------------------------------------------
bat[     267] ncas =        2670000.
 bitrseed = 1000101011001000001101010001000011101001011110010100011100010000
          cpu time =   1.749 s.

-------------------------------------------------------------------------------
bat[     268] ncas =        2680000.
 bitrseed = 0011100001001101100010101101010100110011000100010111110111100100
          cpu time =   1.771 s.

-------------------------------------------------------------------------------
bat[     269] ncas =        2690000.
 bitrseed = 0101000011110011001110011110010001011101101001011101010100001100
          cpu time =   1.814 s.

-------------------------------------------------------------------------------
bat[     270] ncas =        2700000.
 bitrseed = 0001110110001000110000001101001110111000100010100001101000011101
          cpu time =   1.846 s.

-------------------------------------------------------------------------------
bat[     271] ncas =        2710000.
 bitrseed = 1010110100001010010000101100010111000100011101010100011100011010
          cpu time =   1.789 s.

-------------------------------------------------------------------------------
bat[     272] ncas =        2720000.
 bitrseed = 0010010010010010110101101000100111111101100011111110011100011101
          cpu time =   1.771 s.

-------------------------------------------------------------------------------
bat[     273] ncas =        2730000.
 bitrseed = 1000100001001001101001101110101100010000110011111100111000101000
          cpu time =   1.843 s.

-------------------------------------------------------------------------------
bat[     274] ncas =        2740000.
 bitrseed = 1100000100000000101111110011100101110010110000011001010010000101
          cpu time =   1.917 s.

-------------------------------------------------------------------------------
bat[     275] ncas =        2750000.
 bitrseed = 1000011101101011111000011101001011010100001011110001011001111010
          cpu time =   1.738 s.

-------------------------------------------------------------------------------
bat[     276] ncas =        2760000.
 bitrseed = 1011111111100011011000111000110110011000000001010110110000000100
          cpu time =   1.762 s.

-------------------------------------------------------------------------------
bat[     277] ncas =        2770000.
 bitrseed = 0001110111000010001100001100100110010011001100011000010100101110
          cpu time =   1.853 s.

-------------------------------------------------------------------------------
bat[     278] ncas =        2780000.
 bitrseed = 0011100110010001010110100001011000011101111110010100010101011001
          cpu time =   1.767 s.

-------------------------------------------------------------------------------
bat[     279] ncas =        2790000.
 bitrseed = 1011110010111100011111001010001000000110100101010000101011101011
          cpu time =   1.812 s.

-------------------------------------------------------------------------------
bat[     280] ncas =        2800000.
 bitrseed = 0101111010100000100100110111110000010111010101001000000001101110
          cpu time =   1.798 s.

-------------------------------------------------------------------------------
bat[     281] ncas =        2810000.
 bitrseed = 1111011011101000110100111010010011000010001101001100101011111000
          cpu time =   1.840 s.

-------------------------------------------------------------------------------
bat[     282] ncas =        2820000.
 bitrseed = 1001101111001100000000100010100101100100010000110101001100001100
          cpu time =   1.790 s.

-------------------------------------------------------------------------------
bat[     283] ncas =        2830000.
 bitrseed = 0110000011110100001101100110000100001011011111011010001001000000
          cpu time =   1.831 s.

-------------------------------------------------------------------------------
bat[     284] ncas =        2840000.
 bitrseed = 1000000110110110101101100110100111000100011100110101000011001000
          cpu time =   1.859 s.

-------------------------------------------------------------------------------
bat[     285] ncas =        2850000.
 bitrseed = 0100001000001011001110000101000111011100100100000110100110001101
          cpu time =   1.658 s.

-------------------------------------------------------------------------------
bat[     286] ncas =        2860000.
 bitrseed = 0111110011100110010010011111010100000101111001111100111110001111
          cpu time =   1.692 s.

-------------------------------------------------------------------------------
bat[     287] ncas =        2870000.
 bitrseed = 1100001110000011110001111000110100001011110100110000100011101111
          cpu time =   1.850 s.

-------------------------------------------------------------------------------
bat[     288] ncas =        2880000.
 bitrseed = 0100110111011001110111011111010000011000011110110110101110011101
          cpu time =   1.830 s.

-------------------------------------------------------------------------------
bat[     289] ncas =        2890000.
 bitrseed = 0101110011010111101101000011000101110001001111010000100000010000
          cpu time =   1.798 s.

-------------------------------------------------------------------------------
bat[     290] ncas =        2900000.
 bitrseed = 1000001111001101001011110011111011001000010001011101000011010011
          cpu time =   1.852 s.

-------------------------------------------------------------------------------
bat[     291] ncas =        2910000.
 bitrseed = 1101000011010101010010111101101101101101101010111110111100110110
          cpu time =   1.934 s.

-------------------------------------------------------------------------------
bat[     292] ncas =        2920000.
 bitrseed = 0010111100101011011111110001110011001100101110011010010010111100
          cpu time =   1.806 s.

-------------------------------------------------------------------------------
bat[     293] ncas =        2930000.
 bitrseed = 1011010101010110100011101001010001001001100101010001110001000011
          cpu time =   1.767 s.

-------------------------------------------------------------------------------
bat[     294] ncas =        2940000.
 bitrseed = 1111000101111101101000001110101101101000111111011010101110100100
          cpu time =   1.803 s.

-------------------------------------------------------------------------------
bat[     295] ncas =        2950000.
 bitrseed = 0011001110011000000101001100101001101010101010101110011101101000
          cpu time =   1.803 s.

-------------------------------------------------------------------------------
bat[     296] ncas =        2960000.
 bitrseed = 1111001000101100101001101110110010010000010001111101001001110101
          cpu time =   1.787 s.

-------------------------------------------------------------------------------
bat[     297] ncas =        2970000.
 bitrseed = 0100100100110110101010110110010010000010010100100010100011101000
          cpu time =   1.817 s.

-------------------------------------------------------------------------------
bat[     298] ncas =        2980000.
 bitrseed = 1010011011000101011111000001000101010111011001000101010001010000
          cpu time =   1.883 s.

-------------------------------------------------------------------------------
bat[     299] ncas =        2990000.
 bitrseed = 1101010100001100010110101110000110101101000001100000111011000000
          cpu time =   1.909 s.

-------------------------------------------------------------------------------
bat[     300] ncas =        3000000.
 bitrseed = 1110111110110110000100110010100010110001010111111110100101110010
          cpu time =   1.841 s.

-------------------------------------------------------------------------------
bat[     301] ncas =        3010000.
 bitrseed = 0001111010010101100111110011000000011100001100110000010100000010
          cpu time =   1.834 s.

-------------------------------------------------------------------------------
bat[     302] ncas =        3020000.
 bitrseed = 1110010100000100101000111110101100100011001001001011111110101000
          cpu time =   1.766 s.

-------------------------------------------------------------------------------
bat[     303] ncas =        3030000.
 bitrseed = 0001100000111010110010000111010000101000111011010111101101011101
          cpu time =   1.745 s.

-------------------------------------------------------------------------------
bat[     304] ncas =        3040000.
 bitrseed = 0110100010011011011100011100111101100001011010010001001100111001
          cpu time =   1.785 s.

-------------------------------------------------------------------------------
bat[     305] ncas =        3050000.
 bitrseed = 0000110000100100011111111011110011001001101000110000011110001100
          cpu time =   1.852 s.

-------------------------------------------------------------------------------
bat[     306] ncas =        3060000.
 bitrseed = 0011110000101000100010001110001110000111100000101100110011010101
          cpu time =   1.738 s.

-------------------------------------------------------------------------------
bat[     307] ncas =        3070000.
 bitrseed = 0011100100100010101100000100101110101100010011011101001000101111
          cpu time =   1.684 s.

-------------------------------------------------------------------------------
bat[     308] ncas =        3080000.
 bitrseed = 0110110110000001000111110100010111101000100100011110100010010100
          cpu time =   1.956 s.

-------------------------------------------------------------------------------
bat[     309] ncas =        3090000.
 bitrseed = 0001001100000011111111100110011101110001100010011110110111010110
          cpu time =   1.819 s.

-------------------------------------------------------------------------------
bat[     310] ncas =        3100000.
 bitrseed = 1101110111010000100110010010011000010010110001000100010010110011
          cpu time =   1.941 s.

-------------------------------------------------------------------------------
bat[     311] ncas =        3110000.
 bitrseed = 1010010011100101001000000001111110000100001001100011011001110101
          cpu time =   1.868 s.

-------------------------------------------------------------------------------
bat[     312] ncas =        3120000.
 bitrseed = 0011001110110011001010100000110101011010100111110011110001100010
          cpu time =   1.772 s.

===============================================================================

 Summary for the end of job

-------------------------------------------------------------------------------
 number of analyz call vs ncol
-------------------------------------------------------------------------------
     ncol          number
        1              1.   : start of calculation            
        2              1.   : end of calculation              
        3            312.   : end of a batch                  
        4        3120000.   : source                          
        5              0.   : detection of geometry error/warn
        6              0.   : recovery from geometry warning  
        7              0.   : termination by geometry error   
        8              0.   : termination by weight cut-off   
        9              0.   : termination by time cut-off     
       10        3302924.   : geometry boundary crossing      
       11              0.   : termination by energy cut-off   
       12        3240599.   : termination by escape or leakage
       13       74249742.   : reaction : (n,x) type           
       14              0.   : reaction : (n,n'x) type         
       15              0.   : sequential transport for tally  

-------------------------------------------------------------------------------
 List of transport particles (not including source)
-------------------------------------------------------------------------------
     Name      kf-code        mass       charge   baryon
     photon         22          0.0         0       0

-------------------------------------------------------------------------------
 prod. particles       number        weight        weight per source
-------------------------------------------------------------------------------
     photon           284660.     1.7162861E+05     5.5009169E-02

-------------------------------------------------------------------------------
 stop. particles.    number        weight        weight per source
-------------------------------------------------------------------------------
     electron            724.     4.3332471E+02     1.3888612E-04

-------------------------------------------------------------------------------
 leak. particles       number        weight        weight per source
-------------------------------------------------------------------------------
     neutron         3073198.     3.0109788E+06     9.6505729E-01
     photon           167401.     1.0522983E+05     3.3727509E-02

-------------------------------------------------------------------------------
 source: maxcas    maxbch      irskip   average weight          total source
-------------------------------------------------------------------------------
       10000       10000           0    1.0000000E+00    3.1200000000000E+06

-------------------------------------------------------------------------------
 Geometry error summary
-------------------------------------------------------------------------------
 Number of lost particles     =     0 / nlost =       10
 Number of geometry recovering =     0
 Number of unrecovered errors =     0

-------------------------------------------------------------------------------
 initial random seed:
   bitrseed = 0100001010011000001011101100011110011000110110100110010000000000
 next initial random seed:
   bitrseed = 0011101100001111100100110111111111111111010100011010111000110110

-------------------------------------------------------------------------------
 job termination date : 2024/11/20
                 time :   13:24:39

-------------------------------------------------------------------------------
    CPU time and number of event called in PHITS
-------------------------------------------------------------------------------

                             sec
total cpu time =          554.27


                           count
      analysis =       83913578.  : data processing
         nevap =              0.  : evaporation
        dexgam =              0.  : de-excitation
         nreac =       74249742.  : atomic and nuclear reactions
         dklos =              0.  : particle decay
         hydro =              0.  : nucleon-nucleon scattering
        n-data =       71785009.  : neutron data library
        h-data =              0.  : p, d, a data library
        p-data =        2464733.  : photon data library
        e-data =              0.  : electron data library
        p-egs5 =              0.  : photon interaction with EGS5
        e-egs5 =              0.  : electron interaction with EGS5
      e-tsmode =              0.  : electron track structure mode
    ion-tsmode =              0.  : ion track structure mode
     photonucl =              0.  : photo-nuclear reaction
 photonucl lib =              0.  : photo-nuclear reaction with library
       mu-reac =              0.  : muon-induced nuclear reaction
       mu-brem =              0.  : muon-induced bremsstrahlung
       mu-pprd =              0.  : muon-induced pair production
        mu-cap =              0.  : muon capture in nucleus
         elast =              0.  : elastic scattering
         ncasc =              0.  : nuclear reaction model

       bertini =              0.  : Bertini model
        isobar =              0.  : isobar model
           JAM =              0.  : JAM model
           QMD =              0.  : JQMD model
        JAMQMD =              0.  : JAMQMD model
          INCL =              0.  : INCL model
        INCELF =              0.  : INCELF model
     frag data =              0.  : user defined cross section
       SCINFUL =              0.  : SCINFUL mode

>>> Citation Request >>>=======================================================

 This execution uses model(s) that must be explicitly cited in addition to
 the PHITS original document: T.Sato et al., J.Nucl.Sci.Technol.61, 127-135 (2024).
 Please refer the following document(s) in your publication using this result

 The KUROTAMA model:
    K. Iida, A. Kohama, and K. Oyamatsu, J. Phys. Soc. Japan 76, 044201 (2007).

 END 
